CompilerOracle: exclude jregex/Pretokenizer.next
Listening for transport dt_socket at address: 8000
20:52:58,057 INFO  ~ Starting C:\play-1.2.5.6\smb215-restoproject
20:52:58,060 INFO  ~ Module crudsiena is available (C:\play-1.2.5.6\smb215-restoproject\modules\crudsiena-2.0.1)
20:52:58,060 INFO  ~ Module siena is available (C:\play-1.2.5.6\smb215-restoproject\modules\siena-2.0.7)
20:52:59,350 WARN  ~ You're running Play! in DEV mode
20:52:59,922 INFO  ~ Listening for HTTP on port 9004 (Waiting a first request to start) ...
20:53:25,761 ERROR ~ 

@70ld2jmco
Internal Server Error (500) for request GET /

Oops: UnexpectedException
An unexpected error occured caused by exception UnexpectedException: While applying class play.classloading.enhancers.ContinuationEnhancer on helpers.CheatSheetHelper$2

play.exceptions.UnexpectedException: While applying play.CorePlugin@76329302 on helpers.CheatSheetHelper$2
	at play.plugins.PluginCollection.enhance(PluginCollection.java:556)
	at play.classloading.ApplicationClasses$ApplicationClass.enhance(ApplicationClasses.java:235)
	at play.classloading.ApplicationClassloader.loadApplicationClass(ApplicationClassloader.java:167)
	at play.classloading.ApplicationClassloader.loadClass(ApplicationClassloader.java:84)
	at java.lang.ClassLoader.loadClass(ClassLoader.java:357)
	at play.classloading.ApplicationClasses.getAssignableClasses(ApplicationClasses.java:67)
	at play.classloading.ApplicationClassloader.getAssignableClasses(ApplicationClassloader.java:457)
	at {module:crudsiena-2.0.1}/app/views/tags/crud/types.tag.(line:3)
	at play.templates.GroovyTemplate.internalRender(GroovyTemplate.java:247)
	at play.templates.GroovyTemplate$ExecutableTemplate.invokeTag(GroovyTemplate.java:401)
	at {module:crudsiena-2.0.1}/conf/routes.(line:4)
	at play.templates.GroovyTemplate.internalRender(GroovyTemplate.java:247)
	at play.templates.Template.render(Template.java:26)
	at play.templates.GroovyTemplate.render(GroovyTemplate.java:202)
	at play.mvc.Router.parse(Router.java:162)
	at play.mvc.Router.parse(Router.java:190)
	at play.mvc.Router.parse(Router.java:164)
	at play.mvc.Router.load(Router.java:48)
	at play.mvc.Router.detectChanges(Router.java:219)
	at Invocation.HTTP Request(Play!)
Caused by: play.exceptions.UnexpectedException: While applying class play.classloading.enhancers.ContinuationEnhancer on helpers.CheatSheetHelper$2
	at play.CorePlugin.enhance(CorePlugin.java:302)
	at play.plugins.PluginCollection.enhance(PluginCollection.java:551)
	at play.classloading.ApplicationClasses$ApplicationClass.enhance(ApplicationClasses.java:235)
	at play.classloading.ApplicationClassloader.loadApplicationClass(ApplicationClassloader.java:167)
	at play.classloading.ApplicationClassloader.loadClass(ApplicationClassloader.java:84)
	at java.lang.ClassLoader.loadClass(ClassLoader.java:357)
	at play.classloading.ApplicationClasses.getAssignableClasses(ApplicationClasses.java:67)
	at play.classloading.ApplicationClassloader.getAssignableClasses(ApplicationClassloader.java:457)
	at org.codehaus.groovy.reflection.CachedMethod.invoke(CachedMethod.java:90)
	at groovy.lang.MetaMethod.doMethodInvoke(MetaMethod.java:233)
	at groovy.lang.MetaClassImpl.invokeMethod(MetaClassImpl.java:1047)
	at groovy.lang.MetaClassImpl.invokeMethod(MetaClassImpl.java:877)
	at org.codehaus.groovy.runtime.callsite.PojoMetaClassSite.call(PojoMetaClassSite.java:44)
	at org.codehaus.groovy.runtime.callsite.CallSiteArray.defaultCall(CallSiteArray.java:42)
	at org.codehaus.groovy.runtime.callsite.AbstractCallSite.call(AbstractCallSite.java:108)
	at org.codehaus.groovy.runtime.callsite.AbstractCallSite.call(AbstractCallSite.java:116)
	at Template_1001$_run_closure1.doCall(types.tag:6)
	at org.codehaus.groovy.reflection.CachedMethod.invoke(CachedMethod.java:90)
	at groovy.lang.MetaMethod.doMethodInvoke(MetaMethod.java:233)
	at org.codehaus.groovy.runtime.metaclass.ClosureMetaClass.invokeMethod(ClosureMetaClass.java:272)
	at groovy.lang.MetaClassImpl.invokeMethod(MetaClassImpl.java:877)
	at org.codehaus.groovy.runtime.callsite.PogoMetaClassSite.callCurrent(PogoMetaClassSite.java:66)
	at org.codehaus.groovy.runtime.callsite.CallSiteArray.defaultCallCurrent(CallSiteArray.java:46)
	at org.codehaus.groovy.runtime.callsite.AbstractCallSite.callCurrent(AbstractCallSite.java:133)
	at org.codehaus.groovy.runtime.callsite.AbstractCallSite.callCurrent(AbstractCallSite.java:141)
	at Template_1001$_run_closure1.doCall(types.tag)
	at org.codehaus.groovy.reflection.CachedMethod.invoke(CachedMethod.java:90)
	at groovy.lang.MetaMethod.doMethodInvoke(MetaMethod.java:233)
	at org.codehaus.groovy.runtime.metaclass.ClosureMetaClass.invokeMethod(ClosureMetaClass.java:272)
	at groovy.lang.MetaClassImpl.invokeMethod(MetaClassImpl.java:877)
	at groovy.lang.Closure.call(Closure.java:412)
	at groovy.lang.Closure.call(Closure.java:406)
	at org.codehaus.groovy.runtime.GroovyCategorySupport$ThreadCategoryInfo.use(GroovyCategorySupport.java:106)
	at org.codehaus.groovy.runtime.GroovyCategorySupport$ThreadCategoryInfo.access$400(GroovyCategorySupport.java:64)
	at org.codehaus.groovy.runtime.GroovyCategorySupport.use(GroovyCategorySupport.java:246)
	at org.codehaus.groovy.runtime.DefaultGroovyMethods.use(DefaultGroovyMethods.java:358)
	at org.codehaus.groovy.runtime.dgm$895.doMethodInvoke(Unknown Source)
	at groovy.lang.MetaClassImpl.invokeMethod(MetaClassImpl.java:1047)
	at groovy.lang.MetaClassImpl.invokeMethod(MetaClassImpl.java:877)
	at org.codehaus.groovy.runtime.callsite.PogoMetaClassSite.callCurrent(PogoMetaClassSite.java:66)
	at org.codehaus.groovy.runtime.callsite.CallSiteArray.defaultCallCurrent(CallSiteArray.java:46)
	at org.codehaus.groovy.runtime.callsite.AbstractCallSite.callCurrent(AbstractCallSite.java:133)
	at org.codehaus.groovy.runtime.callsite.AbstractCallSite.callCurrent(AbstractCallSite.java:145)
	at Template_1001.run(types.tag:2)
	at play.templates.GroovyTemplate.internalRender(GroovyTemplate.java:247)
	at play.templates.GroovyTemplate$ExecutableTemplate.invokeTag(GroovyTemplate.java:401)
	at org.codehaus.groovy.reflection.CachedMethod.invoke(CachedMethod.java:90)
	at groovy.lang.MetaMethod.doMethodInvoke(MetaMethod.java:233)
	at org.codehaus.groovy.runtime.metaclass.ClosureMetaClass.invokeMethod(ClosureMetaClass.java:361)
	at groovy.lang.MetaClassImpl.invokeMethod(MetaClassImpl.java:877)
	at org.codehaus.groovy.runtime.callsite.PogoMetaClassSite.callCurrent(PogoMetaClassSite.java:66)
	at org.codehaus.groovy.runtime.callsite.CallSiteArray.defaultCallCurrent(CallSiteArray.java:46)
	at org.codehaus.groovy.runtime.callsite.AbstractCallSite.callCurrent(AbstractCallSite.java:133)
	at org.codehaus.groovy.runtime.callsite.AbstractCallSite.callCurrent(AbstractCallSite.java:153)
	at Template_1000$_run_closure1.doCall(routes:61)
	at org.codehaus.groovy.reflection.CachedMethod.invoke(CachedMethod.java:90)
	at groovy.lang.MetaMethod.doMethodInvoke(MetaMethod.java:233)
	at org.codehaus.groovy.runtime.metaclass.ClosureMetaClass.invokeMethod(ClosureMetaClass.java:272)
	at groovy.lang.MetaClassImpl.invokeMethod(MetaClassImpl.java:877)
	at org.codehaus.groovy.runtime.callsite.PogoMetaClassSite.callCurrent(PogoMetaClassSite.java:66)
	at org.codehaus.groovy.runtime.callsite.CallSiteArray.defaultCallCurrent(CallSiteArray.java:46)
	at org.codehaus.groovy.runtime.callsite.AbstractCallSite.callCurrent(AbstractCallSite.java:133)
	at org.codehaus.groovy.runtime.callsite.AbstractCallSite.callCurrent(AbstractCallSite.java:141)
	at Template_1000$_run_closure1.doCall(routes)
	at org.codehaus.groovy.reflection.CachedMethod.invoke(CachedMethod.java:90)
	at groovy.lang.MetaMethod.doMethodInvoke(MetaMethod.java:233)
	at org.codehaus.groovy.runtime.metaclass.ClosureMetaClass.invokeMethod(ClosureMetaClass.java:272)
	at groovy.lang.MetaClassImpl.invokeMethod(MetaClassImpl.java:877)
	at groovy.lang.Closure.call(Closure.java:412)
	at groovy.lang.Closure.call(Closure.java:406)
	at org.codehaus.groovy.runtime.GroovyCategorySupport$ThreadCategoryInfo.use(GroovyCategorySupport.java:106)
	at org.codehaus.groovy.runtime.GroovyCategorySupport$ThreadCategoryInfo.access$400(GroovyCategorySupport.java:64)
	at org.codehaus.groovy.runtime.GroovyCategorySupport.use(GroovyCategorySupport.java:246)
	at org.codehaus.groovy.runtime.DefaultGroovyMethods.use(DefaultGroovyMethods.java:358)
	at org.codehaus.groovy.runtime.dgm$895.invoke(Unknown Source)
	at org.codehaus.groovy.runtime.callsite.PogoMetaMethodSite$PogoMetaMethodSiteNoUnwrapNoCoerce.invoke(PogoMetaMethodSite.java:308)
	at org.codehaus.groovy.runtime.callsite.PogoMetaMethodSite.callCurrent(PogoMetaMethodSite.java:52)
	at org.codehaus.groovy.runtime.callsite.CallSiteArray.defaultCallCurrent(CallSiteArray.java:46)
	at org.codehaus.groovy.runtime.callsite.AbstractCallSite.callCurrent(AbstractCallSite.java:133)
	at org.codehaus.groovy.runtime.callsite.AbstractCallSite.callCurrent(AbstractCallSite.java:145)
	at Template_1000.run(routes:2)
	... 9 more
Caused by: java.lang.RuntimeException: java.io.IOException: invalid constant type: 15
	at javassist.CtClassType.getClassFile2(CtClassType.java:203)
	at javassist.CtClassType.subtypeOf(CtClassType.java:303)
	at javassist.CtClassType.subtypeOf(CtClassType.java:318)
	at play.classloading.enhancers.ContinuationEnhancer.enhanceThisClass(ContinuationEnhancer.java:49)
	at play.CorePlugin.enhance(CorePlugin.java:297)
	... 89 more
Caused by: java.io.IOException: invalid constant type: 15
	at javassist.bytecode.ConstPool.readOne(ConstPool.java:1027)
	at javassist.bytecode.ConstPool.read(ConstPool.java:970)
	at javassist.bytecode.ConstPool.<init>(ConstPool.java:127)
	at javassist.bytecode.ClassFile.read(ClassFile.java:693)
	at javassist.bytecode.ClassFile.<init>(ClassFile.java:85)
	at javassist.CtClassType.getClassFile2(CtClassType.java:190)
	... 93 more
20:53:25,885 ERROR ~ 

@70ld2jmd7
Internal Server Error (500) for request GET /favicon.ico

Oops: UnexpectedException
An unexpected error occured caused by exception UnexpectedException: While applying class play.classloading.enhancers.ContinuationEnhancer on helpers.CheatSheetHelper$2

play.exceptions.UnexpectedException: While applying play.CorePlugin@76329302 on helpers.CheatSheetHelper$2
	at play.plugins.PluginCollection.enhance(PluginCollection.java:556)
	at play.classloading.ApplicationClasses$ApplicationClass.enhance(ApplicationClasses.java:235)
	at play.classloading.ApplicationClassloader.loadApplicationClass(ApplicationClassloader.java:167)
	at play.classloading.ApplicationClassloader.loadClass(ApplicationClassloader.java:84)
	at java.lang.ClassLoader.loadClass(ClassLoader.java:357)
	at play.classloading.ApplicationClasses.getAssignableClasses(ApplicationClasses.java:67)
	at play.classloading.ApplicationClassloader.getAssignableClasses(ApplicationClassloader.java:457)
	at {module:crudsiena-2.0.1}/app/views/tags/crud/types.tag.(line:3)
	at play.templates.GroovyTemplate.internalRender(GroovyTemplate.java:247)
	at play.templates.GroovyTemplate$ExecutableTemplate.invokeTag(GroovyTemplate.java:401)
	at {module:crudsiena-2.0.1}/conf/routes.(line:4)
	at play.templates.GroovyTemplate.internalRender(GroovyTemplate.java:247)
	at play.templates.Template.render(Template.java:26)
	at play.templates.GroovyTemplate.render(GroovyTemplate.java:202)
	at play.mvc.Router.parse(Router.java:162)
	at play.mvc.Router.parse(Router.java:190)
	at play.mvc.Router.parse(Router.java:164)
	at play.mvc.Router.load(Router.java:48)
	at play.mvc.Router.detectChanges(Router.java:219)
	at Invocation.HTTP Request(Play!)
Caused by: play.exceptions.UnexpectedException: While applying class play.classloading.enhancers.ContinuationEnhancer on helpers.CheatSheetHelper$2
	at play.CorePlugin.enhance(CorePlugin.java:302)
	at play.plugins.PluginCollection.enhance(PluginCollection.java:551)
	at play.classloading.ApplicationClasses$ApplicationClass.enhance(ApplicationClasses.java:235)
	at play.classloading.ApplicationClassloader.loadApplicationClass(ApplicationClassloader.java:167)
	at play.classloading.ApplicationClassloader.loadClass(ApplicationClassloader.java:84)
	at java.lang.ClassLoader.loadClass(ClassLoader.java:357)
	at play.classloading.ApplicationClasses.getAssignableClasses(ApplicationClasses.java:67)
	at play.classloading.ApplicationClassloader.getAssignableClasses(ApplicationClassloader.java:457)
	at org.codehaus.groovy.reflection.CachedMethod.invoke(CachedMethod.java:90)
	at groovy.lang.MetaMethod.doMethodInvoke(MetaMethod.java:233)
	at groovy.lang.MetaClassImpl.invokeMethod(MetaClassImpl.java:1047)
	at groovy.lang.MetaClassImpl.invokeMethod(MetaClassImpl.java:877)
	at org.codehaus.groovy.runtime.callsite.PojoMetaClassSite.call(PojoMetaClassSite.java:44)
	at org.codehaus.groovy.runtime.callsite.AbstractCallSite.call(AbstractCallSite.java:116)
	at Template_1001$_run_closure1.doCall(types.tag:6)
	at org.codehaus.groovy.reflection.CachedMethod.invoke(CachedMethod.java:90)
	at groovy.lang.MetaMethod.doMethodInvoke(MetaMethod.java:233)
	at org.codehaus.groovy.runtime.metaclass.ClosureMetaClass.invokeMethod(ClosureMetaClass.java:272)
	at groovy.lang.MetaClassImpl.invokeMethod(MetaClassImpl.java:877)
	at org.codehaus.groovy.runtime.callsite.PogoMetaClassSite.callCurrent(PogoMetaClassSite.java:66)
	at org.codehaus.groovy.runtime.callsite.AbstractCallSite.callCurrent(AbstractCallSite.java:141)
	at Template_1001$_run_closure1.doCall(types.tag)
	at org.codehaus.groovy.reflection.CachedMethod.invoke(CachedMethod.java:90)
	at groovy.lang.MetaMethod.doMethodInvoke(MetaMethod.java:233)
	at org.codehaus.groovy.runtime.metaclass.ClosureMetaClass.invokeMethod(ClosureMetaClass.java:272)
	at groovy.lang.MetaClassImpl.invokeMethod(MetaClassImpl.java:877)
	at groovy.lang.Closure.call(Closure.java:412)
	at groovy.lang.Closure.call(Closure.java:406)
	at org.codehaus.groovy.runtime.GroovyCategorySupport$ThreadCategoryInfo.use(GroovyCategorySupport.java:106)
	at org.codehaus.groovy.runtime.GroovyCategorySupport$ThreadCategoryInfo.access$400(GroovyCategorySupport.java:64)
	at org.codehaus.groovy.runtime.GroovyCategorySupport.use(GroovyCategorySupport.java:246)
	at org.codehaus.groovy.runtime.DefaultGroovyMethods.use(DefaultGroovyMethods.java:358)
	at org.codehaus.groovy.runtime.dgm$895.doMethodInvoke(Unknown Source)
	at groovy.lang.MetaClassImpl.invokeMethod(MetaClassImpl.java:1047)
	at groovy.lang.MetaClassImpl.invokeMethod(MetaClassImpl.java:877)
	at org.codehaus.groovy.runtime.callsite.PogoMetaClassSite.callCurrent(PogoMetaClassSite.java:66)
	at org.codehaus.groovy.runtime.callsite.AbstractCallSite.callCurrent(AbstractCallSite.java:145)
	at Template_1001.run(types.tag:2)
	at play.templates.GroovyTemplate.internalRender(GroovyTemplate.java:247)
	at play.templates.GroovyTemplate$ExecutableTemplate.invokeTag(GroovyTemplate.java:401)
	at org.codehaus.groovy.reflection.CachedMethod.invoke(CachedMethod.java:90)
	at groovy.lang.MetaMethod.doMethodInvoke(MetaMethod.java:233)
	at org.codehaus.groovy.runtime.metaclass.ClosureMetaClass.invokeMethod(ClosureMetaClass.java:361)
	at groovy.lang.MetaClassImpl.invokeMethod(MetaClassImpl.java:877)
	at org.codehaus.groovy.runtime.callsite.PogoMetaClassSite.callCurrent(PogoMetaClassSite.java:66)
	at org.codehaus.groovy.runtime.callsite.AbstractCallSite.callCurrent(AbstractCallSite.java:153)
	at Template_1000$_run_closure1.doCall(routes:61)
	at org.codehaus.groovy.reflection.CachedMethod.invoke(CachedMethod.java:90)
	at groovy.lang.MetaMethod.doMethodInvoke(MetaMethod.java:233)
	at org.codehaus.groovy.runtime.metaclass.ClosureMetaClass.invokeMethod(ClosureMetaClass.java:272)
	at groovy.lang.MetaClassImpl.invokeMethod(MetaClassImpl.java:877)
	at org.codehaus.groovy.runtime.callsite.PogoMetaClassSite.callCurrent(PogoMetaClassSite.java:66)
	at org.codehaus.groovy.runtime.callsite.AbstractCallSite.callCurrent(AbstractCallSite.java:141)
	at Template_1000$_run_closure1.doCall(routes)
	at org.codehaus.groovy.reflection.CachedMethod.invoke(CachedMethod.java:90)
	at groovy.lang.MetaMethod.doMethodInvoke(MetaMethod.java:233)
	at org.codehaus.groovy.runtime.metaclass.ClosureMetaClass.invokeMethod(ClosureMetaClass.java:272)
	at groovy.lang.MetaClassImpl.invokeMethod(MetaClassImpl.java:877)
	at groovy.lang.Closure.call(Closure.java:412)
	at groovy.lang.Closure.call(Closure.java:406)
	at org.codehaus.groovy.runtime.GroovyCategorySupport$ThreadCategoryInfo.use(GroovyCategorySupport.java:106)
	at org.codehaus.groovy.runtime.GroovyCategorySupport$ThreadCategoryInfo.access$400(GroovyCategorySupport.java:64)
	at org.codehaus.groovy.runtime.GroovyCategorySupport.use(GroovyCategorySupport.java:246)
	at org.codehaus.groovy.runtime.DefaultGroovyMethods.use(DefaultGroovyMethods.java:358)
	at org.codehaus.groovy.runtime.dgm$895.invoke(Unknown Source)
	at org.codehaus.groovy.runtime.callsite.PogoMetaMethodSite$PogoMetaMethodSiteNoUnwrapNoCoerce.invoke(PogoMetaMethodSite.java:308)
	at org.codehaus.groovy.runtime.callsite.PogoMetaMethodSite.callCurrent(PogoMetaMethodSite.java:52)
	at org.codehaus.groovy.runtime.callsite.AbstractCallSite.callCurrent(AbstractCallSite.java:145)
	at Template_1000.run(routes:2)
	... 9 more
Caused by: java.lang.RuntimeException: java.io.IOException: invalid constant type: 15
	at javassist.CtClassType.getClassFile2(CtClassType.java:203)
	at javassist.CtClassType.subtypeOf(CtClassType.java:303)
	at javassist.CtClassType.subtypeOf(CtClassType.java:318)
	at play.classloading.enhancers.ContinuationEnhancer.enhanceThisClass(ContinuationEnhancer.java:49)
	at play.CorePlugin.enhance(CorePlugin.java:297)
	... 77 more
Caused by: java.io.IOException: invalid constant type: 15
	at javassist.bytecode.ConstPool.readOne(ConstPool.java:1027)
	at javassist.bytecode.ConstPool.read(ConstPool.java:970)
	at javassist.bytecode.ConstPool.<init>(ConstPool.java:127)
	at javassist.bytecode.ClassFile.read(ClassFile.java:693)
	at javassist.bytecode.ClassFile.<init>(ClassFile.java:85)
	at javassist.CtClassType.getClassFile2(CtClassType.java:190)
	... 81 more
